2025-02-23 23:33:34,730 - logger - INFO - Data loaded into DataFrame successfully.
2025-02-23 23:33:34,806 - logger - INFO - DataFrame dimensions: (9011, 2)
2025-02-23 23:33:34,808 - logger - INFO - Displayed data types for each column.
2025-02-23 23:33:34,809 - logger - INFO - No missing values detected.
2025-02-23 23:33:34,833 - logger - INFO - Duplicate rows found: 0
2025-02-23 23:33:34,862 - logger - INFO - DataVisualizer initialized.
2025-02-23 23:33:35,407 - logger - INFO - Box plot of Brent Oil Prices displayed successfully.
2025-02-23 23:33:35,879 - logger - INFO - Price distribution plot displayed successfully.
2025-02-23 23:33:36,284 - logger - INFO - Price over time plot displayed successfully.
2025-02-23 23:33:36,951 - logger - INFO - Yearly average price plot displayed successfully.
2025-02-23 23:33:37,368 - logger - INFO - 30-day rolling volatility plot displayed successfully.
2025-02-23 23:33:37,713 - logger - INFO - 7-day rolling volatility plot displayed successfully.
2025-02-24 10:27:33,618 - logger - INFO - Data loaded into DataFrame successfully.
2025-02-24 10:27:33,711 - logger - INFO - DataFrame dimensions: (9011, 2)
2025-02-24 10:27:33,715 - logger - INFO - Displayed data types for each column.
2025-02-24 10:27:33,722 - logger - INFO - No missing values detected.
2025-02-24 10:27:33,745 - logger - INFO - Duplicate rows found: 0
2025-02-24 10:27:33,776 - logger - INFO - DataVisualizer initialized.
2025-02-24 10:27:34,146 - logger - INFO - Box plot of Brent Oil Prices displayed successfully.
2025-02-24 10:27:34,585 - logger - INFO - Price distribution plot displayed successfully.
2025-02-24 10:27:35,011 - logger - INFO - Price over time plot displayed successfully.
2025-02-24 10:27:36,244 - logger - INFO - Yearly average price plot displayed successfully.
2025-02-24 10:27:36,938 - logger - INFO - 30-day rolling volatility plot displayed successfully.
2025-02-24 10:27:37,528 - logger - INFO - 7-day rolling volatility plot displayed successfully.
